<?xml version="1.0" encoding="UTF-8"?>
<testsuite xmlns:xsi="http://www.w3.org/2001/XMLSchema-instance" xsi:noNamespaceSchemaLocation="https://maven.apache.org/surefire/maven-surefire-plugin/xsd/surefire-test-report.xsd" version="3.0.2" name="com.example.webapp.WebappApplicationTests" time="4.803" tests="1" errors="0" skipped="0" failures="0">
  <properties>
[...]
</properties>
  <testcase name="contextLoads" classname="com.example.webapp.WebappApplicationTests" time="1.126">
    <system-out><![CDATA[22:56:16.167 [main] INFO org.springframework.test.context.support.AnnotationConfigContextLoaderUtils -- Could not detect default configuration classes for test class [com.example.webapp.WebappApplicationTests]: WebappApplicationTests does not declare any static, non-private, non-final, nested classes annotated with @Configuration.
22:56:16.347 [main] INFO org.springframework.boot.test.context.SpringBootTestContextBootstrapper -- Found @SpringBootConfiguration com.example.webapp.WebappApplication for test class com.example.webapp.WebappApplicationTests
22:56:16.642 [main] INFO org.springframework.boot.devtools.restart.RestartApplicationListener -- Restart disabled due to context in which it is running

  .   ____          _            __ _ _
 /\\ / ___'_ __ _ _(_)_ __  __ _ \ \ \ \
( ( )\___ | '_ | '_| | '_ \/ _` | \ \ \ \
 \\/  ___)| |_)| | | | | || (_| |  ) ) ) )
  '  |____| .__|_| |_|_| |_\__, | / / / /
 =========|_|==============|___/=/_/_/_/

 :: Spring Boot ::       (v3.5.0-SNAPSHOT)

2025-01-28T22:56:17.159+05:30  INFO 7272 --- [webapp] [           main] c.example.webapp.WebappApplicationTests  : Starting WebappApplicationTests using Java 19 with PID 7272 (started by DELL in C:\Users\DELL\Desktop\webapp)
2025-01-28T22:56:17.160+05:30  INFO 7272 --- [webapp] [           main] c.example.webapp.WebappApplicationTests  : No active profile set, falling back to 1 default profile: "default"
2025-01-28T22:56:18.428+05:30  WARN 7272 --- [webapp] [           main] trationDelegate$BeanPostProcessorChecker : Bean 'org.springframework.ws.config.annotation.DelegatingWsConfiguration' of type [org.springframework.ws.config.annotation.DelegatingWsConfiguration$$SpringCGLIB$$0] is not eligible for getting processed by all BeanPostProcessors (for example: not eligible for auto-proxying). The currently created BeanPostProcessor [annotationActionEndpointMapping] is declared through a non-static factory method on that class; consider declaring it as static instead.
2025-01-28T22:56:18.678+05:30  INFO 7272 --- [webapp] [           main] .w.s.a.s.AnnotationActionEndpointMapping : Supporting [WS-Addressing August 2004, WS-Addressing 1.0]
2025-01-28T22:56:19.006+05:30  INFO 7272 --- [webapp] [           main] o.s.b.a.w.s.WelcomePageHandlerMapping    : Adding welcome page: class path resource [static/index.html]
2025-01-28T22:56:19.375+05:30  WARN 7272 --- [webapp] [           main] ion$DefaultTemplateResolverConfiguration : Cannot find template location: classpath:/templates/ (please add some templates, check your Thymeleaf configuration, or set spring.thymeleaf.check-template-location=false)
2025-01-28T22:56:19.549+05:30  INFO 7272 --- [webapp] [           main] c.example.webapp.WebappApplicationTests  : Started WebappApplicationTests in 2.927 seconds (process running for 4.577)
]]></system-out>
  </testcase>
</testsuite>